{
  "0 debug pnpm:scope": {
    "selected": 1
  },
  "1 error pnpm": {
    "code": "ELIFECYCLE",
    "errno": "ENOENT",
    "syscall": "spawn",
    "file": "sh",
    "pkgid": "blog@2.0.0",
    "stage": "docs:clean-dev",
    "script": "vuepress dev docs --clean-cache",
    "pkgname": "blog",
    "err": {
      "name": "pnpm",
      "message": "blog@2.0.0 docs:clean-dev: `vuepress dev docs --clean-cache`\nspawn ENOENT",
      "code": "ELIFECYCLE",
      "stack": "pnpm: blog@2.0.0 docs:clean-dev: `vuepress dev docs --clean-cache`\nspawn ENOENT\n    at ChildProcess.<anonymous> (/opt/homebrew/Cellar/pnpm/7.1.9/libexec/lib/node_modules/pnpm/dist/pnpm.cjs:93535:22)\n    at ChildProcess.emit (node:events:527:28)\n    at maybeClose (node:internal/child_process:1090:16)\n    at ChildProcess._handle.onexit (node:internal/child_process:302:5)"
    }
  },
  "2 warn pnpm:global": " Local package.json exists, but node_modules missing, did you mean to install?"
}